[debug] [2023-03-20T14:34:06.852Z] ----------------------------------------------------------------------
[debug] [2023-03-20T14:34:06.854Z] Command:       C:\Program Files\nodejs\node.exe C:\Users\Lucas\AppData\Roaming\npm\node_modules\firebase-tools\lib\bin\firebase.js init
[debug] [2023-03-20T14:34:06.855Z] CLI Version:   11.24.1
[debug] [2023-03-20T14:34:06.855Z] Platform:      win32
[debug] [2023-03-20T14:34:06.855Z] Node Version:  v18.12.1
[debug] [2023-03-20T14:34:06.856Z] Time:          Mon Mar 20 2023 11:34:06 GMT-0300 (hora estándar de Argentina)
[debug] [2023-03-20T14:34:06.856Z] ----------------------------------------------------------------------
[debug] 
[debug] [2023-03-20T14:34:06.865Z] > command requires scopes: ["email","openid","https://www.googleapis.com/auth/cloudplatformprojects.readonly","https://www.googleapis.com/auth/firebase","https://www.googleapis.com/auth/cloud-platform"]
[debug] [2023-03-20T14:34:06.865Z] > authorizing via signed-in user (lucas4alejandro4@gmail.com)
[info] 
     ######## #### ########  ######## ########     ###     ######  ########
     ##        ##  ##     ## ##       ##     ##  ##   ##  ##       ##
     ######    ##  ########  ######   ########  #########  ######  ######
     ##        ##  ##    ##  ##       ##     ## ##     ##       ## ##
     ##       #### ##     ## ######## ########  ##     ##  ######  ########

You're about to initialize a Firebase project in this directory:

  C:\Users\Lucas\Desktop\porfolio

[info] 
=== Project Setup
[info] 
[info] First, let's associate this project directory with a Firebase project.
[info] You can create multiple project aliases by running firebase use --add, 
[info] but for now we'll just set up a default project.
[info] 
